2023-10-19 17:37:49,000:INFO:log.py: Arquivo ./data/bronze/peoples_p1.json gravado com sucesso!
2023-10-19 17:37:49,010:DEBUG:connectionpool.py: Starting new HTTPS connection (1): swapi.dev:443
2023-10-19 17:37:50,521:DEBUG:connectionpool.py: https://swapi.dev:443 "GET /api/planets/?page=1 HTTP/1.1" 200 None
2023-10-19 17:37:50,531:INFO:log.py: Arquivo ./data/bronze/planets_p1.json gravado com sucesso!
2023-10-19 17:37:50,534:DEBUG:connectionpool.py: Starting new HTTPS connection (1): swapi.dev:443
2023-10-19 17:37:55,726:DEBUG:connectionpool.py: https://swapi.dev:443 "GET /api/films/?page=1 HTTP/1.1" 200 None
2023-10-19 17:37:55,742:INFO:log.py: Arquivo ./data/bronze/films_p1.json gravado com sucesso!
2023-10-19 17:37:55,748:DEBUG:connectionpool.py: Starting new HTTPS connection (1): swapi.dev:443
2023-10-19 17:37:58,417:DEBUG:connectionpool.py: https://swapi.dev:443 "GET /api/people/?page=2 HTTP/1.1" 200 None
2023-10-19 17:37:58,417:INFO:log.py: Arquivo ./data/bronze/peoples_p2.json gravado com sucesso!
2023-10-19 17:37:58,417:DEBUG:connectionpool.py: Starting new HTTPS connection (1): swapi.dev:443
2023-10-19 17:38:00,963:DEBUG:connectionpool.py: https://swapi.dev:443 "GET /api/planets/?page=2 HTTP/1.1" 200 None
2023-10-19 17:38:00,963:INFO:log.py: Arquivo ./data/bronze/planets_p2.json gravado com sucesso!
2023-10-19 17:38:00,968:DEBUG:connectionpool.py: Starting new HTTPS connection (1): swapi.dev:443
2023-10-19 17:38:02,684:DEBUG:connectionpool.py: https://swapi.dev:443 "GET /api/films/?page=2 HTTP/1.1" 404 None
2023-10-19 17:38:02,700:DEBUG:connectionpool.py: Starting new HTTPS connection (1): swapi.dev:443
2023-10-19 17:38:07,308:DEBUG:connectionpool.py: https://swapi.dev:443 "GET /api/people/?page=3 HTTP/1.1" 200 None
2023-10-19 17:38:07,308:INFO:log.py: Arquivo ./data/bronze/peoples_p3.json gravado com sucesso!
2023-10-19 17:38:07,308:DEBUG:connectionpool.py: Starting new HTTPS connection (1): swapi.dev:443
2023-10-19 17:38:11,403:DEBUG:connectionpool.py: https://swapi.dev:443 "GET /api/planets/?page=3 HTTP/1.1" 200 None
2023-10-19 17:38:11,420:INFO:log.py: Arquivo ./data/bronze/planets_p3.json gravado com sucesso!
2023-10-19 17:38:11,426:DEBUG:connectionpool.py: Starting new HTTPS connection (1): swapi.dev:443
2023-10-19 17:38:13,143:DEBUG:connectionpool.py: https://swapi.dev:443 "GET /api/films/?page=3 HTTP/1.1" 404 None
2023-10-19 17:38:13,151:DEBUG:connectionpool.py: Starting new HTTPS connection (1): swapi.dev:443
2023-10-19 17:38:16,215:DEBUG:connectionpool.py: https://swapi.dev:443 "GET /api/people/?page=4 HTTP/1.1" 200 None
2023-10-19 17:38:16,215:INFO:log.py: Arquivo ./data/bronze/peoples_p4.json gravado com sucesso!
2023-10-19 17:38:16,220:DEBUG:connectionpool.py: Starting new HTTPS connection (1): swapi.dev:443
2023-10-19 17:38:18,674:DEBUG:connectionpool.py: https://swapi.dev:443 "GET /api/planets/?page=4 HTTP/1.1" 200 None
2023-10-19 17:38:18,676:INFO:log.py: Arquivo ./data/bronze/planets_p4.json gravado com sucesso!
2023-10-19 17:38:18,676:DEBUG:connectionpool.py: Starting new HTTPS connection (1): swapi.dev:443
2023-10-19 17:38:20,404:DEBUG:connectionpool.py: https://swapi.dev:443 "GET /api/films/?page=4 HTTP/1.1" 404 None
2023-10-19 17:38:20,419:DEBUG:connectionpool.py: Starting new HTTPS connection (1): swapi.dev:443
2023-10-19 17:38:22,933:DEBUG:connectionpool.py: https://swapi.dev:443 "GET /api/people/?page=5 HTTP/1.1" 200 None
2023-10-19 17:38:22,940:INFO:log.py: Arquivo ./data/bronze/peoples_p5.json gravado com sucesso!
2023-10-19 17:38:22,940:DEBUG:connectionpool.py: Starting new HTTPS connection (1): swapi.dev:443
2023-10-19 17:38:24,715:DEBUG:connectionpool.py: https://swapi.dev:443 "GET /api/planets/?page=5 HTTP/1.1" 200 None
2023-10-19 17:38:24,719:INFO:log.py: Arquivo ./data/bronze/planets_p5.json gravado com sucesso!
2023-10-19 17:38:24,719:DEBUG:connectionpool.py: Starting new HTTPS connection (1): swapi.dev:443
2023-10-19 17:38:26,288:DEBUG:connectionpool.py: https://swapi.dev:443 "GET /api/films/?page=5 HTTP/1.1" 404 None
2023-10-19 17:38:26,291:DEBUG:connectionpool.py: Starting new HTTPS connection (1): swapi.dev:443
2023-10-19 17:38:29,118:DEBUG:connectionpool.py: https://swapi.dev:443 "GET /api/people/?page=6 HTTP/1.1" 200 None
2023-10-19 17:38:29,118:INFO:log.py: Arquivo ./data/bronze/peoples_p6.json gravado com sucesso!
2023-10-19 17:38:29,127:DEBUG:connectionpool.py: Starting new HTTPS connection (1): swapi.dev:443
2023-10-19 17:38:31,482:DEBUG:connectionpool.py: https://swapi.dev:443 "GET /api/planets/?page=6 HTTP/1.1" 200 None
2023-10-19 17:38:31,489:INFO:log.py: Arquivo ./data/bronze/planets_p6.json gravado com sucesso!
2023-10-19 17:38:31,493:DEBUG:connectionpool.py: Starting new HTTPS connection (1): swapi.dev:443
2023-10-19 17:38:33,419:DEBUG:connectionpool.py: https://swapi.dev:443 "GET /api/films/?page=6 HTTP/1.1" 404 None
2023-10-19 17:38:33,425:DEBUG:connectionpool.py: Starting new HTTPS connection (1): swapi.dev:443
2023-10-19 17:38:36,280:DEBUG:connectionpool.py: https://swapi.dev:443 "GET /api/people/?page=7 HTTP/1.1" 200 None
2023-10-19 17:38:36,280:INFO:log.py: Arquivo ./data/bronze/peoples_p7.json gravado com sucesso!
2023-10-19 17:38:36,291:DEBUG:connectionpool.py: Starting new HTTPS connection (1): swapi.dev:443
2023-10-19 17:38:37,947:DEBUG:connectionpool.py: https://swapi.dev:443 "GET /api/planets/?page=7 HTTP/1.1" 404 None
2023-10-19 17:38:37,962:DEBUG:connectionpool.py: Starting new HTTPS connection (1): swapi.dev:443
2023-10-19 17:38:39,638:DEBUG:connectionpool.py: https://swapi.dev:443 "GET /api/films/?page=7 HTTP/1.1" 404 None
2023-10-19 17:38:39,638:DEBUG:connectionpool.py: Starting new HTTPS connection (1): swapi.dev:443
2023-10-19 17:38:41,869:DEBUG:connectionpool.py: https://swapi.dev:443 "GET /api/people/?page=8 HTTP/1.1" 200 None
2023-10-19 17:38:41,869:INFO:log.py: Arquivo ./data/bronze/peoples_p8.json gravado com sucesso!
2023-10-19 17:38:41,869:DEBUG:connectionpool.py: Starting new HTTPS connection (1): swapi.dev:443
2023-10-19 17:38:43,933:DEBUG:connectionpool.py: https://swapi.dev:443 "GET /api/planets/?page=8 HTTP/1.1" 404 None
2023-10-19 17:38:43,934:DEBUG:connectionpool.py: Starting new HTTPS connection (1): swapi.dev:443
2023-10-19 17:38:45,968:DEBUG:connectionpool.py: https://swapi.dev:443 "GET /api/films/?page=8 HTTP/1.1" 404 None
2023-10-19 17:38:45,988:DEBUG:connectionpool.py: Starting new HTTPS connection (1): swapi.dev:443
2023-10-19 17:38:48,301:DEBUG:connectionpool.py: https://swapi.dev:443 "GET /api/people/?page=9 HTTP/1.1" 200 None
2023-10-19 17:38:48,301:INFO:log.py: Arquivo ./data/bronze/peoples_p9.json gravado com sucesso!
2023-10-19 17:38:48,301:DEBUG:connectionpool.py: Starting new HTTPS connection (1): swapi.dev:443
2023-10-19 17:38:50,313:DEBUG:connectionpool.py: https://swapi.dev:443 "GET /api/planets/?page=9 HTTP/1.1" 404 None
2023-10-19 17:38:50,321:DEBUG:connectionpool.py: Starting new HTTPS connection (1): swapi.dev:443
2023-10-19 17:38:52,665:DEBUG:connectionpool.py: https://swapi.dev:443 "GET /api/films/?page=9 HTTP/1.1" 404 None
